nohup: ignoring input
INFO:     Started server process [1018643]
INFO:     Waiting for application startup.
INFO:     Application startup complete.
INFO:     Uvicorn running on http://0.0.0.0:8888 (Press CTRL+C to quit)
๐ FastAPI Running!
โ ุงุชุตุงู ูุงุฌุญ ุจูุงุนุฏุฉ ุงูุจูุงูุงุช: hcsfcsto_qooqz
๐ ุชูููุฐ ุงูุงุณุชุนูุงู: 
        SELECT id, content, language, token_count
        FROM ai_document_chunks 
        LIMIT 5
...
โ ุชู ุฌูุจ 5 ุณุฌู
๐ ุชู ุฅุบูุงู ุงูุงุชุตุงู
๐ DB Query Results: [{'id': 'chunk-0001-uuid', 'content': 'ูุฐุง ูุต ุชุฌุฑูุจู ูููู ููููุฉ ุนูู ุงููุธุงู.', 'language': 'ar', 'token_count': 10}, {'id': 'chunk-0002-uuid', 'content': 'ูููู ููุจูุช ุงูุฑุฏ ุนูู ุงูุฃุณุฆูุฉ ุจูุงุกู ุนูู ูุฐู ุงูุจูุงูุงุช.', 'language': 'ar', 'token_count': 12}, {'id': 'chunk-001-uuid', 'content': 'ุณุคุงู: ูุง ูู ุงูุฐูุงุก ุงูุงุตุทูุงุนูุ\nุฌูุงุจ: ุงูุฐูุงุก ุงูุงุตุทูุงุนู ูู ูุฑุน ูู ุนููู ุงูุญุงุณูุจ ููุชู ุจูุญุงูุงุฉ ุงูุฐูุงุก ุงูุจุดุฑู ุจุงุณุชุฎุฏุงู ุงูุญูุงุณูุจ.', 'language': 'ar', 'token_count': 20}, {'id': 'chunk-002-uuid', 'content': 'ุณุคุงู: ูุง ุงููุฑู ุจูู Machine Learning ูDeep Learningุ\nุฌูุงุจ: Machine Learning ูุณุชุฎุฏู ุฎูุงุฑุฒููุงุช ูุชุนูู ุงูุจูุงูุงุชุ ุจูููุง Deep Learning ูุณุชุฎุฏู ุงูุดุจูุงุช ุงูุนุตุจูุฉ ุงูุนูููุฉ ููุนุงูุฌุฉ ุงูุจูุงูุงุช ุงููุนูุฏุฉ.', 'language': 'ar', 'token_count': 25}, {'id': 'chunk-003-uuid', 'content': 'ุณุคุงู: ูุง ูู HTTPุ\nุฌูุงุจ: HTTP ูู ุจุฑูุชูููู ููู ุงููุต ุงูุชุดุนุจูุ ููุณุชุฎุฏู ูุชุจุงุฏู ุงููุนูููุงุช ุจูู ุงููุชุตูุญ ูุงูุฎุงุฏู.', 'language': 'ar', 'token_count': 15}]
๐ Type: <class 'list'>
INFO:     82.163.176.88:41656 - "GET /api/v1/health HTTP/1.1" 200 OK
โ ุงุชุตุงู ูุงุฌุญ ุจูุงุนุฏุฉ ุงูุจูุงูุงุช: hcsfcsto_qooqz
๐ ุชูููุฐ ุงูุงุณุชุนูุงู: 
        SELECT id, content, language, token_count
        FROM ai_document_chunks 
        LIMIT 5
...
โ ุชู ุฌูุจ 5 ุณุฌู
๐ ุชู ุฅุบูุงู ุงูุงุชุตุงู
๐ DB Query Results: [{'id': 'chunk-0001-uuid', 'content': 'ูุฐุง ูุต ุชุฌุฑูุจู ูููู ููููุฉ ุนูู ุงููุธุงู.', 'language': 'ar', 'token_count': 10}, {'id': 'chunk-0002-uuid', 'content': 'ูููู ููุจูุช ุงูุฑุฏ ุนูู ุงูุฃุณุฆูุฉ ุจูุงุกู ุนูู ูุฐู ุงูุจูุงูุงุช.', 'language': 'ar', 'token_count': 12}, {'id': 'chunk-001-uuid', 'content': 'ุณุคุงู: ูุง ูู ุงูุฐูุงุก ุงูุงุตุทูุงุนูุ\nุฌูุงุจ: ุงูุฐูุงุก ุงูุงุตุทูุงุนู ูู ูุฑุน ูู ุนููู ุงูุญุงุณูุจ ููุชู ุจูุญุงูุงุฉ ุงูุฐูุงุก ุงูุจุดุฑู ุจุงุณุชุฎุฏุงู ุงูุญูุงุณูุจ.', 'language': 'ar', 'token_count': 20}, {'id': 'chunk-002-uuid', 'content': 'ุณุคุงู: ูุง ุงููุฑู ุจูู Machine Learning ูDeep Learningุ\nุฌูุงุจ: Machine Learning ูุณุชุฎุฏู ุฎูุงุฑุฒููุงุช ูุชุนูู ุงูุจูุงูุงุชุ ุจูููุง Deep Learning ูุณุชุฎุฏู ุงูุดุจูุงุช ุงูุนุตุจูุฉ ุงูุนูููุฉ ููุนุงูุฌุฉ ุงูุจูุงูุงุช ุงููุนูุฏุฉ.', 'language': 'ar', 'token_count': 25}, {'id': 'chunk-003-uuid', 'content': 'ุณุคุงู: ูุง ูู HTTPุ\nุฌูุงุจ: HTTP ูู ุจุฑูุชูููู ููู ุงููุต ุงูุชุดุนุจูุ ููุณุชุฎุฏู ูุชุจุงุฏู ุงููุนูููุงุช ุจูู ุงููุชุตูุญ ูุงูุฎุงุฏู.', 'language': 'ar', 'token_count': 15}]
๐ Type: <class 'list'>
INFO:     127.0.0.1:26484 - "GET /api/v1/health HTTP/1.1" 200 OK
INFO:     82.163.176.88:44706 - "HEAD / HTTP/1.1" 405 Method Not Allowed
WARNING:  Invalid HTTP request received.
โ ุงุชุตุงู ูุงุฌุญ ุจูุงุนุฏุฉ ุงูุจูุงูุงุช: hcsfcsto_qooqz
๐ ุชูููุฐ ุงูุงุณุชุนูุงู: 
        SELECT id, content, language, token_count
        FROM ai_document_chunks 
        LIMIT 5
...
โ ุชู ุฌูุจ 5 ุณุฌู
๐ ุชู ุฅุบูุงู ุงูุงุชุตุงู
๐ DB Query Results: [{'id': 'chunk-0001-uuid', 'content': 'ูุฐุง ูุต ุชุฌุฑูุจู ูููู ููููุฉ ุนูู ุงููุธุงู.', 'language': 'ar', 'token_count': 10}, {'id': 'chunk-0002-uuid', 'content': 'ูููู ููุจูุช ุงูุฑุฏ ุนูู ุงูุฃุณุฆูุฉ ุจูุงุกู ุนูู ูุฐู ุงูุจูุงูุงุช.', 'language': 'ar', 'token_count': 12}, {'id': 'chunk-001-uuid', 'content': 'ุณุคุงู: ูุง ูู ุงูุฐูุงุก ุงูุงุตุทูุงุนูุ\nุฌูุงุจ: ุงูุฐูุงุก ุงูุงุตุทูุงุนู ูู ูุฑุน ูู ุนููู ุงูุญุงุณูุจ ููุชู ุจูุญุงูุงุฉ ุงูุฐูุงุก ุงูุจุดุฑู ุจุงุณุชุฎุฏุงู ุงูุญูุงุณูุจ.', 'language': 'ar', 'token_count': 20}, {'id': 'chunk-002-uuid', 'content': 'ุณุคุงู: ูุง ุงููุฑู ุจูู Machine Learning ูDeep Learningุ\nุฌูุงุจ: Machine Learning ูุณุชุฎุฏู ุฎูุงุฑุฒููุงุช ูุชุนูู ุงูุจูุงูุงุชุ ุจูููุง Deep Learning ูุณุชุฎุฏู ุงูุดุจูุงุช ุงูุนุตุจูุฉ ุงูุนูููุฉ ููุนุงูุฌุฉ ุงูุจูุงูุงุช ุงููุนูุฏุฉ.', 'language': 'ar', 'token_count': 25}, {'id': 'chunk-003-uuid', 'content': 'ุณุคุงู: ูุง ูู HTTPุ\nุฌูุงุจ: HTTP ูู ุจุฑูุชูููู ููู ุงููุต ุงูุชุดุนุจูุ ููุณุชุฎุฏู ูุชุจุงุฏู ุงููุนูููุงุช ุจูู ุงููุชุตูุญ ูุงูุฎุงุฏู.', 'language': 'ar', 'token_count': 15}]
๐ Type: <class 'list'>
INFO:     82.163.176.88:49106 - "GET /api/v1/health HTTP/1.1" 200 OK
โ ุงุชุตุงู ูุงุฌุญ ุจูุงุนุฏุฉ ุงูุจูุงูุงุช: hcsfcsto_qooqz
๐ ุชูููุฐ ุงูุงุณุชุนูุงู: 
        SELECT id, content, language, token_count
        FROM ai_document_chunks 
        LIMIT 5
...
โ ุชู ุฌูุจ 5 ุณุฌู
๐ ุชู ุฅุบูุงู ุงูุงุชุตุงู
๐ DB Query Results: [{'id': 'chunk-0001-uuid', 'content': 'ูุฐุง ูุต ุชุฌุฑูุจู ูููู ููููุฉ ุนูู ุงููุธุงู.', 'language': 'ar', 'token_count': 10}, {'id': 'chunk-0002-uuid', 'content': 'ูููู ููุจูุช ุงูุฑุฏ ุนูู ุงูุฃุณุฆูุฉ ุจูุงุกู ุนูู ูุฐู ุงูุจูุงูุงุช.', 'language': 'ar', 'token_count': 12}, {'id': 'chunk-001-uuid', 'content': 'ุณุคุงู: ูุง ูู ุงูุฐูุงุก ุงูุงุตุทูุงุนูุ\nุฌูุงุจ: ุงูุฐูุงุก ุงูุงุตุทูุงุนู ูู ูุฑุน ูู ุนููู ุงูุญุงุณูุจ ููุชู ุจูุญุงูุงุฉ ุงูุฐูุงุก ุงูุจุดุฑู ุจุงุณุชุฎุฏุงู ุงูุญูุงุณูุจ.', 'language': 'ar', 'token_count': 20}, {'id': 'chunk-002-uuid', 'content': 'ุณุคุงู: ูุง ุงููุฑู ุจูู Machine Learning ูDeep Learningุ\nุฌูุงุจ: Machine Learning ูุณุชุฎุฏู ุฎูุงุฑุฒููุงุช ูุชุนูู ุงูุจูุงูุงุชุ ุจูููุง Deep Learning ูุณุชุฎุฏู ุงูุดุจูุงุช ุงูุนุตุจูุฉ ุงูุนูููุฉ ููุนุงูุฌุฉ ุงูุจูุงูุงุช ุงููุนูุฏุฉ.', 'language': 'ar', 'token_count': 25}, {'id': 'chunk-003-uuid', 'content': 'ุณุคุงู: ูุง ูู HTTPุ\nุฌูุงุจ: HTTP ูู ุจุฑูุชูููู ููู ุงููุต ุงูุชุดุนุจูุ ููุณุชุฎุฏู ูุชุจุงุฏู ุงููุนูููุงุช ุจูู ุงููุชุตูุญ ูุงูุฎุงุฏู.', 'language': 'ar', 'token_count': 15}]
๐ Type: <class 'list'>
INFO:     127.0.0.1:52134 - "GET /api/v1/health HTTP/1.1" 200 OK
โ ุงุชุตุงู ูุงุฌุญ ุจูุงุนุฏุฉ ุงูุจูุงูุงุช: hcsfcsto_qooqz
๐ ุชูููุฐ ุงูุงุณุชุนูุงู: 
        SELECT id, content, language, token_count
        FROM ai_document_chunks 
        LIMIT 5
...
โ ุชู ุฌูุจ 5 ุณุฌู
๐ ุชู ุฅุบูุงู ุงูุงุชุตุงู
๐ DB Query Results: [{'id': 'chunk-0001-uuid', 'content': 'ูุฐุง ูุต ุชุฌุฑูุจู ูููู ููููุฉ ุนูู ุงููุธุงู.', 'language': 'ar', 'token_count': 10}, {'id': 'chunk-0002-uuid', 'content': 'ูููู ููุจูุช ุงูุฑุฏ ุนูู ุงูุฃุณุฆูุฉ ุจูุงุกู ุนูู ูุฐู ุงูุจูุงูุงุช.', 'language': 'ar', 'token_count': 12}, {'id': 'chunk-001-uuid', 'content': 'ุณุคุงู: ูุง ูู ุงูุฐูุงุก ุงูุงุตุทูุงุนูุ\nุฌูุงุจ: ุงูุฐูุงุก ุงูุงุตุทูุงุนู ูู ูุฑุน ูู ุนููู ุงูุญุงุณูุจ ููุชู ุจูุญุงูุงุฉ ุงูุฐูุงุก ุงูุจุดุฑู ุจุงุณุชุฎุฏุงู ุงูุญูุงุณูุจ.', 'language': 'ar', 'token_count': 20}, {'id': 'chunk-002-uuid', 'content': 'ุณุคุงู: ูุง ุงููุฑู ุจูู Machine Learning ูDeep Learningุ\nุฌูุงุจ: Machine Learning ูุณุชุฎุฏู ุฎูุงุฑุฒููุงุช ูุชุนูู ุงูุจูุงูุงุชุ ุจูููุง Deep Learning ูุณุชุฎุฏู ุงูุดุจูุงุช ุงูุนุตุจูุฉ ุงูุนูููุฉ ููุนุงูุฌุฉ ุงูุจูุงูุงุช ุงููุนูุฏุฉ.', 'language': 'ar', 'token_count': 25}, {'id': 'chunk-003-uuid', 'content': 'ุณุคุงู: ูุง ูู HTTPุ\nุฌูุงุจ: HTTP ูู ุจุฑูุชูููู ููู ุงููุต ุงูุชุดุนุจูุ ููุณุชุฎุฏู ูุชุจุงุฏู ุงููุนูููุงุช ุจูู ุงููุชุตูุญ ูุงูุฎุงุฏู.', 'language': 'ar', 'token_count': 15}]
๐ Type: <class 'list'>
INFO:     127.0.0.1:30294 - "GET /api/v1/health HTTP/1.1" 200 OK
โ ุงุชุตุงู ูุงุฌุญ ุจูุงุนุฏุฉ ุงูุจูุงูุงุช: hcsfcsto_qooqz
๐ ุชูููุฐ ุงูุงุณุชุนูุงู: 
        SELECT id, content, language, token_count
        FROM ai_document_chunks 
        LIMIT 5
...
โ ุชู ุฌูุจ 5 ุณุฌู
๐ ุชู ุฅุบูุงู ุงูุงุชุตุงู
๐ DB Query Results: [{'id': 'chunk-0001-uuid', 'content': 'ูุฐุง ูุต ุชุฌุฑูุจู ูููู ููููุฉ ุนูู ุงููุธุงู.', 'language': 'ar', 'token_count': 10}, {'id': 'chunk-0002-uuid', 'content': 'ูููู ููุจูุช ุงูุฑุฏ ุนูู ุงูุฃุณุฆูุฉ ุจูุงุกู ุนูู ูุฐู ุงูุจูุงูุงุช.', 'language': 'ar', 'token_count': 12}, {'id': 'chunk-001-uuid', 'content': 'ุณุคุงู: ูุง ูู ุงูุฐูุงุก ุงูุงุตุทูุงุนูุ\nุฌูุงุจ: ุงูุฐูุงุก ุงูุงุตุทูุงุนู ูู ูุฑุน ูู ุนููู ุงูุญุงุณูุจ ููุชู ุจูุญุงูุงุฉ ุงูุฐูุงุก ุงูุจุดุฑู ุจุงุณุชุฎุฏุงู ุงูุญูุงุณูุจ.', 'language': 'ar', 'token_count': 20}, {'id': 'chunk-002-uuid', 'content': 'ุณุคุงู: ูุง ุงููุฑู ุจูู Machine Learning ูDeep Learningุ\nุฌูุงุจ: Machine Learning ูุณุชุฎุฏู ุฎูุงุฑุฒููุงุช ูุชุนูู ุงูุจูุงูุงุชุ ุจูููุง Deep Learning ูุณุชุฎุฏู ุงูุดุจูุงุช ุงูุนุตุจูุฉ ุงูุนูููุฉ ููุนุงูุฌุฉ ุงูุจูุงูุงุช ุงููุนูุฏุฉ.', 'language': 'ar', 'token_count': 25}, {'id': 'chunk-003-uuid', 'content': 'ุณุคุงู: ูุง ูู HTTPุ\nุฌูุงุจ: HTTP ูู ุจุฑูุชูููู ููู ุงููุต ุงูุชุดุนุจูุ ููุณุชุฎุฏู ูุชุจุงุฏู ุงููุนูููุงุช ุจูู ุงููุชุตูุญ ูุงูุฎุงุฏู.', 'language': 'ar', 'token_count': 15}]
๐ Type: <class 'list'>
INFO:     127.0.0.1:50406 - "GET /api/v1/health HTTP/1.1" 200 OK
โ ุงุชุตุงู ูุงุฌุญ ุจูุงุนุฏุฉ ุงูุจูุงูุงุช: hcsfcsto_qooqz
๐ ุชูููุฐ ุงูุงุณุชุนูุงู: 
        SELECT id, content, language, token_count
        FROM ai_document_chunks 
        LIMIT 5
...
โ ุชู ุฌูุจ 5 ุณุฌู
๐ ุชู ุฅุบูุงู ุงูุงุชุตุงู
๐ DB Query Results: [{'id': 'chunk-0001-uuid', 'content': 'ูุฐุง ูุต ุชุฌุฑูุจู ูููู ููููุฉ ุนูู ุงููุธุงู.', 'language': 'ar', 'token_count': 10}, {'id': 'chunk-0002-uuid', 'content': 'ูููู ููุจูุช ุงูุฑุฏ ุนูู ุงูุฃุณุฆูุฉ ุจูุงุกู ุนูู ูุฐู ุงูุจูุงูุงุช.', 'language': 'ar', 'token_count': 12}, {'id': 'chunk-001-uuid', 'content': 'ุณุคุงู: ูุง ูู ุงูุฐูุงุก ุงูุงุตุทูุงุนูุ\nุฌูุงุจ: ุงูุฐูุงุก ุงูุงุตุทูุงุนู ูู ูุฑุน ูู ุนููู ุงูุญุงุณูุจ ููุชู ุจูุญุงูุงุฉ ุงูุฐูุงุก ุงูุจุดุฑู ุจุงุณุชุฎุฏุงู ุงูุญูุงุณูุจ.', 'language': 'ar', 'token_count': 20}, {'id': 'chunk-002-uuid', 'content': 'ุณุคุงู: ูุง ุงููุฑู ุจูู Machine Learning ูDeep Learningุ\nุฌูุงุจ: Machine Learning ูุณุชุฎุฏู ุฎูุงุฑุฒููุงุช ูุชุนูู ุงูุจูุงูุงุชุ ุจูููุง Deep Learning ูุณุชุฎุฏู ุงูุดุจูุงุช ุงูุนุตุจูุฉ ุงูุนูููุฉ ููุนุงูุฌุฉ ุงูุจูุงูุงุช ุงููุนูุฏุฉ.', 'language': 'ar', 'token_count': 25}, {'id': 'chunk-003-uuid', 'content': 'ุณุคุงู: ูุง ูู HTTPุ\nุฌูุงุจ: HTTP ูู ุจุฑูุชูููู ููู ุงููุต ุงูุชุดุนุจูุ ููุณุชุฎุฏู ูุชุจุงุฏู ุงููุนูููุงุช ุจูู ุงููุชุตูุญ ูุงูุฎุงุฏู.', 'language': 'ar', 'token_count': 15}]
๐ Type: <class 'list'>
INFO:     127.0.0.1:26010 - "GET /api/v1/health HTTP/1.1" 200 OK
โ ุงุชุตุงู ูุงุฌุญ ุจูุงุนุฏุฉ ุงูุจูุงูุงุช: hcsfcsto_qooqz
๐ ุชูููุฐ ุงูุงุณุชุนูุงู: 
        SELECT id, content, language, token_count
        FROM ai_document_chunks 
        LIMIT 5
...
โ ุชู ุฌูุจ 5 ุณุฌู
๐ ุชู ุฅุบูุงู ุงูุงุชุตุงู
๐ DB Query Results: [{'id': 'chunk-0001-uuid', 'content': 'ูุฐุง ูุต ุชุฌุฑูุจู ูููู ููููุฉ ุนูู ุงููุธุงู.', 'language': 'ar', 'token_count': 10}, {'id': 'chunk-0002-uuid', 'content': 'ูููู ููุจูุช ุงูุฑุฏ ุนูู ุงูุฃุณุฆูุฉ ุจูุงุกู ุนูู ูุฐู ุงูุจูุงูุงุช.', 'language': 'ar', 'token_count': 12}, {'id': 'chunk-001-uuid', 'content': 'ุณุคุงู: ูุง ูู ุงูุฐูุงุก ุงูุงุตุทูุงุนูุ\nุฌูุงุจ: ุงูุฐูุงุก ุงูุงุตุทูุงุนู ูู ูุฑุน ูู ุนููู ุงูุญุงุณูุจ ููุชู ุจูุญุงูุงุฉ ุงูุฐูุงุก ุงูุจุดุฑู ุจุงุณุชุฎุฏุงู ุงูุญูุงุณูุจ.', 'language': 'ar', 'token_count': 20}, {'id': 'chunk-002-uuid', 'content': 'ุณุคุงู: ูุง ุงููุฑู ุจูู Machine Learning ูDeep Learningุ\nุฌูุงุจ: Machine Learning ูุณุชุฎุฏู ุฎูุงุฑุฒููุงุช ูุชุนูู ุงูุจูุงูุงุชุ ุจูููุง Deep Learning ูุณุชุฎุฏู ุงูุดุจูุงุช ุงูุนุตุจูุฉ ุงูุนูููุฉ ููุนุงูุฌุฉ ุงูุจูุงูุงุช ุงููุนูุฏุฉ.', 'language': 'ar', 'token_count': 25}, {'id': 'chunk-003-uuid', 'content': 'ุณุคุงู: ูุง ูู HTTPุ\nุฌูุงุจ: HTTP ูู ุจุฑูุชูููู ููู ุงููุต ุงูุชุดุนุจูุ ููุณุชุฎุฏู ูุชุจุงุฏู ุงููุนูููุงุช ุจูู ุงููุชุตูุญ ูุงูุฎุงุฏู.', 'language': 'ar', 'token_count': 15}]
๐ Type: <class 'list'>
INFO:     127.0.0.1:55730 - "GET /api/v1/health HTTP/1.1" 200 OK
โ ุงุชุตุงู ูุงุฌุญ ุจูุงุนุฏุฉ ุงูุจูุงูุงุช: hcsfcsto_qooqz
๐ ุชูููุฐ ุงูุงุณุชุนูุงู: 
        SELECT id, content, language, token_count
        FROM ai_document_chunks 
        LIMIT 5
...
โ ุชู ุฌูุจ 5 ุณุฌู
๐ ุชู ุฅุบูุงู ุงูุงุชุตุงู
๐ DB Query Results: [{'id': 'chunk-0001-uuid', 'content': 'ูุฐุง ูุต ุชุฌุฑูุจู ูููู ููููุฉ ุนูู ุงููุธุงู.', 'language': 'ar', 'token_count': 10}, {'id': 'chunk-0002-uuid', 'content': 'ูููู ููุจูุช ุงูุฑุฏ ุนูู ุงูุฃุณุฆูุฉ ุจูุงุกู ุนูู ูุฐู ุงูุจูุงูุงุช.', 'language': 'ar', 'token_count': 12}, {'id': 'chunk-001-uuid', 'content': 'ุณุคุงู: ูุง ูู ุงูุฐูุงุก ุงูุงุตุทูุงุนูุ\nุฌูุงุจ: ุงูุฐูุงุก ุงูุงุตุทูุงุนู ูู ูุฑุน ูู ุนููู ุงูุญุงุณูุจ ููุชู ุจูุญุงูุงุฉ ุงูุฐูุงุก ุงูุจุดุฑู ุจุงุณุชุฎุฏุงู ุงูุญูุงุณูุจ.', 'language': 'ar', 'token_count': 20}, {'id': 'chunk-002-uuid', 'content': 'ุณุคุงู: ูุง ุงููุฑู ุจูู Machine Learning ูDeep Learningุ\nุฌูุงุจ: Machine Learning ูุณุชุฎุฏู ุฎูุงุฑุฒููุงุช ูุชุนูู ุงูุจูุงูุงุชุ ุจูููุง Deep Learning ูุณุชุฎุฏู ุงูุดุจูุงุช ุงูุนุตุจูุฉ ุงูุนูููุฉ ููุนุงูุฌุฉ ุงูุจูุงูุงุช ุงููุนูุฏุฉ.', 'language': 'ar', 'token_count': 25}, {'id': 'chunk-003-uuid', 'content': 'ุณุคุงู: ูุง ูู HTTPุ\nุฌูุงุจ: HTTP ูู ุจุฑูุชูููู ููู ุงููุต ุงูุชุดุนุจูุ ููุณุชุฎุฏู ูุชุจุงุฏู ุงููุนูููุงุช ุจูู ุงููุชุตูุญ ูุงูุฎุงุฏู.', 'language': 'ar', 'token_count': 15}]
๐ Type: <class 'list'>
INFO:     127.0.0.1:42084 - "GET /api/v1/health HTTP/1.1" 200 OK
